

Microchip Technology PIC18 LITE Macro Assembler V1.45 build -152302408 
                                                                                               Sat Oct 10 15:08:48 2020

Microchip Technology Omniscient Code Generator v1.45 (Free mode) build 201711160504
     1                           	processor	18F45K22
     2                           	fnconf	rparam,??,?,0
     3                           	opt	pw 120
     4                           	opt	lm
     5                           	psect	cinit,global,reloc=2,class=CODE,delta=1
     6                           	psect	cstackCOMRAM,global,class=COMRAM,space=1,delta=1,noexec
     7                           	psect	text0,global,reloc=2,class=CODE,delta=1
     8                           	psect	text1,global,reloc=2,class=CODE,delta=1
     9                           	psect	text2,global,reloc=2,class=CODE,delta=1
    10                           	psect	intcode,global,reloc=2,class=CODE,delta=1
    11                           	psect	text4,global,reloc=2,class=CODE,delta=1
    12                           	psect	intsave_regs,global,class=BIGRAM,space=1,delta=1,noexec
    13                           	psect	rparam,global,class=COMRAM,space=1,delta=1,noexec
    14                           	psect	temp,global,ovrld,common,class=COMRAM,space=1,delta=1
    15  0000                     
    16                           ; Version 1.45
    17                           ; Generated 16/11/2017 GMT
    18                           ; 
    19                           ; Copyright © 2017, Microchip Technology Inc. and its subsidiaries ("Microchip")
    20                           ; All rights reserved.
    21                           ; 
    22                           ; This software is developed by Microchip Technology Inc. and its subsidiaries ("Microch
      +                          ip").
    23                           ; 
    24                           ; Redistribution and use in source and binary forms, with or without modification, are
    25                           ; permitted provided that the following conditions are met:
    26                           ; 
    27                           ;     1. Redistributions of source code must retain the above copyright notice, this lis
      +                          t of
    28                           ;        conditions and the following disclaimer.
    29                           ; 
    30                           ;     2. Redistributions in binary form must reproduce the above copyright notice, this 
      +                          list
    31                           ;        of conditions and the following disclaimer in the documentation and/or other
    32                           ;        materials provided with the distribution.
    33                           ; 
    34                           ;     3. Microchip's name may not be used to endorse or promote products derived from th
      +                          is
    35                           ;        software without specific prior written permission.
    36                           ; 
    37                           ; THIS SOFTWARE IS PROVIDED BY MICROCHIP "AS IS" AND ANY EXPRESS OR IMPLIED WARRANTIES,
    38                           ; INCLUDING, BUT NOT LIMITED TO, THE IMPLIED WARRANTIES OF MERCHANTABILITY AND FITNESS F
      +                          OR
    39                           ; PURPOSE ARE DISCLAIMED.  IN NO EVENT SHALL MICROCHIP BE LIABLE FOR ANY DIRECT, INDIREC
      +                          T,
    40                           ; INCIDENTAL, SPECIAL, EXEMPLARY, OR CONSEQUENTIAL DAMAGES (INCLUDING BUT NOT LIMITED TO
    41                           ; PROCUREMENT OF SUBSTITUTE GOODS OR SERVICES; LOSS OF USE, DATA OR PROFITS; OR BUSINESS
    42                           ; INTERRUPTION) HOWSOEVER CAUSED AND ON ANY THEORY OF LIABILITY, WHETHER IN CONTRACT, ST
      +                          RICT
    43                           ; LIABILITY, OR TORT (INCLUDING NEGLIGENCE OR OTHERWISE) ARISING IN ANY WAY OUT OF THE U
      +                          SE OF
    44                           ; THIS SOFTWARE, EVEN IF ADVISED OF THE POSSIBILITY OF SUCH DAMAGE.
    45                           ; 
    46                           ; 
    47                           ; Code-generator required, PIC18F45K22 Definitions
    48                           ; 
    49                           ; SFR Addresses
    50  0000                     _VREFCON0	set	3906
    51  0000                     _ANSELE	set	3900
    52  0000                     _ANSELD	set	3899
    53  0000                     _ANSELC	set	3898
    54  0000                     _ANSELB	set	3897
    55  0000                     _ANSELA	set	3896
    56  0000                     _LATE	set	3981
    57  0000                     _LATD	set	3980
    58  0000                     _LATB	set	3978
    59  0000                     _LATA	set	3977
    60  0000                     _ADCON2	set	4032
    61  0000                     _ADCON1	set	4033
    62  0000                     _LATC	set	3979
    63  0000                     _INTCON2bits	set	4081
    64  0000                     _INTCONbits	set	4082
    65  0000                     _TRISC	set	3988
    66  0000                     _TRISBbits	set	3987
    67                           
    68                           ; #config settings
    69                           
    70                           	psect	cinit
    71  0001A2                     __pcinit:
    72                           	opt stack 0
    73  0001A2                     start_initialization:
    74                           	opt stack 0
    75  0001A2                     __initialization:
    76                           	opt stack 0
    77  0001A2                     end_of_initialization:
    78                           	opt stack 0
    79  0001A2                     __end_of__initialization:
    80                           	opt stack 0
    81  0001A2  901B               	bcf	int$flags,0,c	;clear compiler interrupt flag (level 1)
    82  0001A4  921B               	bcf	int$flags,1,c	;clear compiler interrupt flag (level 2)
    83  0001A6  0100               	movlb	0
    84  0001A8  EF72  F000         	goto	_main	;jump to C main() function
    85                           
    86                           	psect	cstackCOMRAM
    87  000001                     __pcstackCOMRAM:
    88                           	opt stack 0
    89  000001                     i2delay@x:
    90                           	opt stack 0
    91                           
    92                           ; 2 bytes @ 0x0
    93  000001                     	ds	2
    94  000003                     ??i2_delay:
    95                           
    96                           ; 1 bytes @ 0x2
    97  000003                     	ds	1
    98  000004                     ??_ISR:
    99                           
   100                           ; 1 bytes @ 0x3
   101  000004                     	ds	18
   102  000016                     delay@x:
   103                           	opt stack 0
   104                           
   105                           ; 2 bytes @ 0x15
   106  000016                     	ds	2
   107  000018                     ??_delay:
   108                           
   109                           ; 1 bytes @ 0x17
   110  000018                     	ds	1
   111  000019                     main@x:
   112                           	opt stack 0
   113                           
   114                           ; 2 bytes @ 0x18
   115  000019                     	ds	2
   116                           
   117 ;;
   118 ;;Main: autosize = 0, tempsize = 0, incstack = 0, save=0
   119 ;;
   120 ;; *************** function _main *****************
   121 ;; Defined at:
   122 ;;		line 13 in file "main.c"
   123 ;; Parameters:    Size  Location     Type
   124 ;;		None
   125 ;; Auto vars:     Size  Location     Type
   126 ;;  x               2   24[COMRAM] unsigned int 
   127 ;; Return value:  Size  Location     Type
   128 ;;                  1    wreg      void 
   129 ;; Registers used:
   130 ;;		wreg, status,2, status,0, cstack
   131 ;; Tracked objects:
   132 ;;		On entry : 0/0
   133 ;;		On exit  : 0/0
   134 ;;		Unchanged: 0/0
   135 ;; Data sizes:     COMRAM   BANK0   BANK1   BANK2   BANK3   BANK4   BANK5
   136 ;;      Params:         0       0       0       0       0       0       0
   137 ;;      Locals:         2       0       0       0       0       0       0
   138 ;;      Temps:          0       0       0       0       0       0       0
   139 ;;      Totals:         2       0       0       0       0       0       0
   140 ;;Total ram usage:        2 bytes
   141 ;; Hardware stack levels required when called:    3
   142 ;; This function calls:
   143 ;;		_delay
   144 ;;		_setup
   145 ;; This function is called by:
   146 ;;		Startup code after reset
   147 ;; This function uses a non-reentrant model
   148 ;;
   149                           
   150                           	psect	text0
   151  0000E4                     __ptext0:
   152                           	opt stack 0
   153  0000E4                     _main:
   154                           	opt stack 28
   155                           
   156                           ;main.c: 14: setup();
   157                           
   158                           ;incstack = 0
   159  0000E4  EC95  F000         	call	_setup	;wreg free
   160                           
   161                           ;main.c: 15: TRISBbits.TRISB0 = 1;
   162  0000E8  8093               	bsf	3987,0,c	;volatile
   163                           
   164                           ;main.c: 16: TRISC = 0;
   165  0000EA  0E00               	movlw	0
   166  0000EC  6E94               	movwf	3988,c	;volatile
   167                           
   168                           ;main.c: 17: INTCONbits.GIE = 1;
   169  0000EE  8EF2               	bsf	intcon,7,c	;volatile
   170                           
   171                           ;main.c: 18: INTCONbits.INT0IE = 1;
   172  0000F0  88F2               	bsf	intcon,4,c	;volatile
   173                           
   174                           ;main.c: 19: INTCONbits.INT0IF = 0;
   175  0000F2  92F2               	bcf	intcon,1,c	;volatile
   176                           
   177                           ;main.c: 20: INTCON2bits.INTEDG0 = 0;
   178  0000F4  9CF1               	bcf	intcon2,6,c	;volatile
   179                           
   180                           ;main.c: 23: unsigned int x=1;
   181  0000F6  0E00               	movlw	0
   182  0000F8  6E1A               	movwf	main@x+1,c
   183  0000FA  0E01               	movlw	1
   184  0000FC  6E19               	movwf	main@x,c
   185  0000FE                     
   186                           ;main.c: 27: x=x<<1;
   187  0000FE  90D8               	bcf	status,0,c
   188  000100  3419               	rlcf	main@x,w,c
   189  000102  6E19               	movwf	main@x,c
   190  000104  341A               	rlcf	main@x+1,w,c
   191  000106  6E1A               	movwf	main@x+1,c
   192                           
   193                           ;main.c: 28: if(x == 256)
   194  000108  041A               	decf	main@x+1,w,c
   195  00010A  1019               	iorwf	main@x,w,c
   196  00010C  A4D8               	btfss	status,2,c
   197  00010E  D004               	goto	l46
   198                           
   199                           ;main.c: 29: x=1;
   200  000110  0E00               	movlw	0
   201  000112  6E1A               	movwf	main@x+1,c
   202  000114  0E01               	movlw	1
   203  000116  6E19               	movwf	main@x,c
   204  000118                     l46:
   205                           
   206                           ;main.c: 31: LATC = x;
   207  000118  C019  FF8B         	movff	main@x,3979	;volatile
   208                           
   209                           ;main.c: 33: delay(100);
   210  00011C  0E00               	movlw	0
   211  00011E  6E17               	movwf	delay@x+1,c
   212  000120  0E64               	movlw	100
   213  000122  6E16               	movwf	delay@x,c
   214  000124  ECB1  F000         	call	_delay	;wreg free
   215  000128  D7EA               	goto	l45
   216  00012A                     __end_of_main:
   217                           	opt stack 0
   218                           intcon	equ	0xFF2
   219                           intcon2	equ	0xFF1
   220                           status	equ	0xFD8
   221                           
   222 ;; *************** function _setup *****************
   223 ;; Defined at:
   224 ;;		line 41 in file "main.c"
   225 ;; Parameters:    Size  Location     Type
   226 ;;		None
   227 ;; Auto vars:     Size  Location     Type
   228 ;;		None
   229 ;; Return value:  Size  Location     Type
   230 ;;                  1    wreg      void 
   231 ;; Registers used:
   232 ;;		wreg, status,2
   233 ;; Tracked objects:
   234 ;;		On entry : 0/0
   235 ;;		On exit  : 0/0
   236 ;;		Unchanged: 0/0
   237 ;; Data sizes:     COMRAM   BANK0   BANK1   BANK2   BANK3   BANK4   BANK5
   238 ;;      Params:         0       0       0       0       0       0       0
   239 ;;      Locals:         0       0       0       0       0       0       0
   240 ;;      Temps:          0       0       0       0       0       0       0
   241 ;;      Totals:         0       0       0       0       0       0       0
   242 ;;Total ram usage:        0 bytes
   243 ;; Hardware stack levels used:    1
   244 ;; Hardware stack levels required when called:    2
   245 ;; This function calls:
   246 ;;		Nothing
   247 ;; This function is called by:
   248 ;;		_main
   249 ;; This function uses a non-reentrant model
   250 ;;
   251                           
   252                           	psect	text1
   253  00012A                     __ptext1:
   254                           	opt stack 0
   255  00012A                     _setup:
   256                           	opt stack 28
   257                           
   258                           ;main.c: 43: ANSELA = 0b00000000;
   259                           
   260                           ;incstack = 0
   261  00012A  0E00               	movlw	0
   262  00012C  010F               	movlb	15	; () banked
   263  00012E  6F38               	movwf	56,b	;volatile
   264                           
   265                           ;main.c: 44: ANSELB = 0b00000000;
   266  000130  0E00               	movlw	0
   267  000132  6F39               	movwf	57,b	;volatile
   268                           
   269                           ;main.c: 45: ANSELC = 0b00000000;
   270  000134  0E00               	movlw	0
   271  000136  6F3A               	movwf	58,b	;volatile
   272                           
   273                           ;main.c: 46: ANSELD = 0b00000000;
   274  000138  0E00               	movlw	0
   275  00013A  6F3B               	movwf	59,b	;volatile
   276                           
   277                           ;main.c: 47: ANSELE = 0b00000000;
   278  00013C  0E00               	movlw	0
   279  00013E  6F3C               	movwf	60,b	;volatile
   280                           
   281                           ;main.c: 48: VREFCON0 = 0b10110000;
   282  000140  0EB0               	movlw	176
   283  000142  6F42               	movwf	66,b	;volatile
   284                           
   285                           ;main.c: 49: ADCON1 = 0b00110000;
   286  000144  0E30               	movlw	48
   287  000146  6EC1               	movwf	4033,c	;volatile
   288                           
   289                           ;main.c: 50: ADCON2 = 0b10000011;
   290  000148  0E83               	movlw	131
   291  00014A  6EC0               	movwf	4032,c	;volatile
   292                           
   293                           ;main.c: 52: LATA = 0x00;
   294  00014C  0E00               	movlw	0
   295  00014E  6E89               	movwf	3977,c	;volatile
   296                           
   297                           ;main.c: 53: LATB = 0x00;
   298  000150  0E00               	movlw	0
   299  000152  6E8A               	movwf	3978,c	;volatile
   300                           
   301                           ;main.c: 54: LATC = 0x00;
   302  000154  0E00               	movlw	0
   303  000156  6E8B               	movwf	3979,c	;volatile
   304                           
   305                           ;main.c: 55: LATD = 0x00;
   306  000158  0E00               	movlw	0
   307  00015A  6E8C               	movwf	3980,c	;volatile
   308                           
   309                           ;main.c: 56: LATE = 0x00;
   310  00015C  0E00               	movlw	0
   311  00015E  6E8D               	movwf	3981,c	;volatile
   312                           
   313                           ; BSR set to: 15
   314  000160  0012               	return		;funcret
   315  000162                     __end_of_setup:
   316                           	opt stack 0
   317                           intcon	equ	0xFF2
   318                           intcon2	equ	0xFF1
   319                           status	equ	0xFD8
   320                           
   321 ;; *************** function _delay *****************
   322 ;; Defined at:
   323 ;;		line 59 in file "main.c"
   324 ;; Parameters:    Size  Location     Type
   325 ;;  x               2   21[COMRAM] unsigned int 
   326 ;; Auto vars:     Size  Location     Type
   327 ;;		None
   328 ;; Return value:  Size  Location     Type
   329 ;;                  1    wreg      void 
   330 ;; Registers used:
   331 ;;		wreg, status,2, status,0
   332 ;; Tracked objects:
   333 ;;		On entry : 0/0
   334 ;;		On exit  : 0/0
   335 ;;		Unchanged: 0/0
   336 ;; Data sizes:     COMRAM   BANK0   BANK1   BANK2   BANK3   BANK4   BANK5
   337 ;;      Params:         2       0       0       0       0       0       0
   338 ;;      Locals:         0       0       0       0       0       0       0
   339 ;;      Temps:          1       0       0       0       0       0       0
   340 ;;      Totals:         3       0       0       0       0       0       0
   341 ;;Total ram usage:        3 bytes
   342 ;; Hardware stack levels used:    1
   343 ;; Hardware stack levels required when called:    2
   344 ;; This function calls:
   345 ;;		Nothing
   346 ;; This function is called by:
   347 ;;		_main
   348 ;; This function uses a non-reentrant model
   349 ;;
   350                           
   351                           	psect	text2
   352  000162                     __ptext2:
   353                           	opt stack 0
   354  000162                     _delay:
   355                           	opt stack 28
   356                           
   357                           ;main.c: 60: for (; x > 0; x--)_delay((unsigned long)((1)*(64000000L/4000.0)));
   358                           
   359                           ; BSR set to: 15
   360                           ;incstack = 0
   361  000162  5016               	movf	delay@x,w,c
   362  000164  1017               	iorwf	delay@x+1,w,c
   363  000166  B4D8               	btfsc	status,2,c
   364  000168  0012               	return	
   365  00016A  0E15               	movlw	21
   366  00016C  6E18               	movwf	??_delay& (0+255),c
   367  00016E  0EC6               	movlw	198
   368  000170                     u137:
   369  000170  2EE8               	decfsz	wreg,f,c
   370  000172  D7FE               	bra	u137
   371  000174  2E18               	decfsz	??_delay& (0+255),f,c
   372  000176  D7FC               	bra	u137
   373  000178  D000               	nop2	
   374  00017A  0616               	decf	delay@x,f,c
   375  00017C  A0D8               	btfss	status,0,c
   376  00017E  0617               	decf	delay@x+1,f,c
   377  000180  D7F0               	goto	_delay
   378  000182                     __end_of_delay:
   379                           	opt stack 0
   380                           intcon	equ	0xFF2
   381                           intcon2	equ	0xFF1
   382                           wreg	equ	0xFE8
   383                           status	equ	0xFD8
   384                           
   385 ;; *************** function _ISR *****************
   386 ;; Defined at:
   387 ;;		line 63 in file "main.c"
   388 ;; Parameters:    Size  Location     Type
   389 ;;		None
   390 ;; Auto vars:     Size  Location     Type
   391 ;;		None
   392 ;; Return value:  Size  Location     Type
   393 ;;                  1    wreg      void 
   394 ;; Registers used:
   395 ;;		wreg, status,2, status,0, cstack
   396 ;; Tracked objects:
   397 ;;		On entry : 0/0
   398 ;;		On exit  : 0/0
   399 ;;		Unchanged: 0/0
   400 ;; Data sizes:     COMRAM   BANK0   BANK1   BANK2   BANK3   BANK4   BANK5
   401 ;;      Params:         0       0       0       0       0       0       0
   402 ;;      Locals:         0       0       0       0       0       0       0
   403 ;;      Temps:         18       0       0       0       0       0       0
   404 ;;      Totals:        18       0       0       0       0       0       0
   405 ;;Total ram usage:       18 bytes
   406 ;; Hardware stack levels used:    1
   407 ;; Hardware stack levels required when called:    1
   408 ;; This function calls:
   409 ;;		i2_delay
   410 ;; This function is called by:
   411 ;;		Interrupt level 2
   412 ;; This function uses a non-reentrant model
   413 ;;
   414                           
   415                           	psect	intcode
   416  000008                     __pintcode:
   417                           	opt stack 0
   418  000008                     _ISR:
   419                           	opt stack 28
   420                           
   421                           ;incstack = 0
   422  000008  821B               	bsf	btemp,1,c	;set compiler interrupt flag (level 2)
   423  00000A  CFFA F004          	movff	pclath,??_ISR
   424  00000E  CFFB F005          	movff	pclatu,??_ISR+1
   425  000012  CFE9 F006          	movff	fsr0l,??_ISR+2
   426  000016  CFEA F007          	movff	fsr0h,??_ISR+3
   427  00001A  CFE1 F008          	movff	fsr1l,??_ISR+4
   428  00001E  CFE2 F009          	movff	fsr1h,??_ISR+5
   429  000022  CFD9 F00A          	movff	fsr2l,??_ISR+6
   430  000026  CFDA F00B          	movff	fsr2h,??_ISR+7
   431  00002A  CFF3 F00C          	movff	prodl,??_ISR+8
   432  00002E  CFF4 F00D          	movff	prodh,??_ISR+9
   433  000032  CFF6 F00E          	movff	tblptrl,??_ISR+10
   434  000036  CFF7 F00F          	movff	tblptrh,??_ISR+11
   435  00003A  CFF8 F010          	movff	tblptru,??_ISR+12
   436  00003E  CFF5 F011          	movff	tablat,??_ISR+13
   437  000042  C01B  F012         	movff	btemp,??_ISR+14
   438  000046  C01C  F013         	movff	btemp+1,??_ISR+15
   439  00004A  C01D  F014         	movff	btemp+2,??_ISR+16
   440  00004E  C01E  F015         	movff	btemp+3,??_ISR+17
   441                           
   442                           ;main.c: 64: if(INTCONbits.INT0IF){
   443  000052  A2F2               	btfss	intcon,1,c	;volatile
   444  000054  D01E               	goto	i2l60
   445                           
   446                           ;main.c: 65: LATC = 0xFF;
   447  000056  688B               	setf	3979,c	;volatile
   448                           
   449                           ;main.c: 66: delay(200);
   450  000058  0E00               	movlw	0
   451  00005A  6E02               	movwf	i2delay@x+1,c
   452  00005C  0EC8               	movlw	200
   453  00005E  6E01               	movwf	i2delay@x,c
   454  000060  ECC1  F000         	call	i2_delay	;wreg free
   455                           
   456                           ;main.c: 67: LATC = 0x00;
   457  000064  0E00               	movlw	0
   458  000066  6E8B               	movwf	3979,c	;volatile
   459                           
   460                           ;main.c: 68: delay(200);
   461  000068  0E00               	movlw	0
   462  00006A  6E02               	movwf	i2delay@x+1,c
   463  00006C  0EC8               	movlw	200
   464  00006E  6E01               	movwf	i2delay@x,c
   465  000070  ECC1  F000         	call	i2_delay	;wreg free
   466                           
   467                           ;main.c: 69: LATC = 0xFF;
   468  000074  688B               	setf	3979,c	;volatile
   469                           
   470                           ;main.c: 70: delay(200);
   471  000076  0E00               	movlw	0
   472  000078  6E02               	movwf	i2delay@x+1,c
   473  00007A  0EC8               	movlw	200
   474  00007C  6E01               	movwf	i2delay@x,c
   475  00007E  ECC1  F000         	call	i2_delay	;wreg free
   476                           
   477                           ;main.c: 71: LATC = 0x00;
   478  000082  0E00               	movlw	0
   479  000084  6E8B               	movwf	3979,c	;volatile
   480                           
   481                           ;main.c: 72: delay(200);
   482  000086  0E00               	movlw	0
   483  000088  6E02               	movwf	i2delay@x+1,c
   484  00008A  0EC8               	movlw	200
   485  00008C  6E01               	movwf	i2delay@x,c
   486  00008E  ECC1  F000         	call	i2_delay	;wreg free
   487  000092                     i2l60:
   488                           
   489                           ;main.c: 73: }
   490                           ;main.c: 74: INTCONbits.INT0IF = 0;
   491  000092  92F2               	bcf	intcon,1,c	;volatile
   492  000094  C015  F01E         	movff	??_ISR+17,btemp+3
   493  000098  C014  F01D         	movff	??_ISR+16,btemp+2
   494  00009C  C013  F01C         	movff	??_ISR+15,btemp+1
   495  0000A0  C012  F01B         	movff	??_ISR+14,btemp
   496  0000A4  C011  FFF5         	movff	??_ISR+13,tablat
   497  0000A8  C010  FFF8         	movff	??_ISR+12,tblptru
   498  0000AC  C00F  FFF7         	movff	??_ISR+11,tblptrh
   499  0000B0  C00E  FFF6         	movff	??_ISR+10,tblptrl
   500  0000B4  C00D  FFF4         	movff	??_ISR+9,prodh
   501  0000B8  C00C  FFF3         	movff	??_ISR+8,prodl
   502  0000BC  C00B  FFDA         	movff	??_ISR+7,fsr2h
   503  0000C0  C00A  FFD9         	movff	??_ISR+6,fsr2l
   504  0000C4  C009  FFE2         	movff	??_ISR+5,fsr1h
   505  0000C8  C008  FFE1         	movff	??_ISR+4,fsr1l
   506  0000CC  C007  FFEA         	movff	??_ISR+3,fsr0h
   507  0000D0  C006  FFE9         	movff	??_ISR+2,fsr0l
   508  0000D4  C005  FFFB         	movff	??_ISR+1,pclatu
   509  0000D8  C004  FFFA         	movff	??_ISR,pclath
   510  0000DC  921B               	bcf	btemp,1,c	;clear compiler interrupt flag (level 2)
   511  0000DE  0011               	retfie		f
   512  0000E0                     __end_of_ISR:
   513                           	opt stack 0
   514                           pclatu	equ	0xFFB
   515                           pclath	equ	0xFFA
   516                           tblptru	equ	0xFF8
   517                           tblptrh	equ	0xFF7
   518                           tblptrl	equ	0xFF6
   519                           tablat	equ	0xFF5
   520                           prodh	equ	0xFF4
   521                           prodl	equ	0xFF3
   522                           intcon	equ	0xFF2
   523                           intcon2	equ	0xFF1
   524                           fsr0h	equ	0xFEA
   525                           fsr0l	equ	0xFE9
   526                           wreg	equ	0xFE8
   527                           fsr1h	equ	0xFE2
   528                           fsr1l	equ	0xFE1
   529                           fsr2h	equ	0xFDA
   530                           fsr2l	equ	0xFD9
   531                           status	equ	0xFD8
   532                           
   533 ;; *************** function i2_delay *****************
   534 ;; Defined at:
   535 ;;		line 59 in file "main.c"
   536 ;; Parameters:    Size  Location     Type
   537 ;;  x               2    0[COMRAM] unsigned int 
   538 ;; Auto vars:     Size  Location     Type
   539 ;;		None
   540 ;; Return value:  Size  Location     Type
   541 ;;                  1    wreg      void 
   542 ;; Registers used:
   543 ;;		wreg, status,2, status,0
   544 ;; Tracked objects:
   545 ;;		On entry : 0/0
   546 ;;		On exit  : 0/0
   547 ;;		Unchanged: 0/0
   548 ;; Data sizes:     COMRAM   BANK0   BANK1   BANK2   BANK3   BANK4   BANK5
   549 ;;      Params:         2       0       0       0       0       0       0
   550 ;;      Locals:         0       0       0       0       0       0       0
   551 ;;      Temps:          1       0       0       0       0       0       0
   552 ;;      Totals:         3       0       0       0       0       0       0
   553 ;;Total ram usage:        3 bytes
   554 ;; Hardware stack levels used:    1
   555 ;; This function calls:
   556 ;;		Nothing
   557 ;; This function is called by:
   558 ;;		_ISR
   559 ;; This function uses a non-reentrant model
   560 ;;
   561                           
   562                           	psect	text4
   563  000182                     __ptext4:
   564                           	opt stack 0
   565  000182                     i2_delay:
   566                           	opt stack 28
   567                           
   568                           ;main.c: 60: for (; x > 0; x--)_delay((unsigned long)((1)*(64000000L/4000.0)));
   569                           
   570                           ;incstack = 0
   571  000182  5001               	movf	i2delay@x,w,c
   572  000184  1002               	iorwf	i2delay@x+1,w,c
   573  000186  B4D8               	btfsc	status,2,c
   574  000188  0012               	return	
   575  00018A  0E15               	movlw	21
   576  00018C  6E03               	movwf	??i2_delay& (0+255),c
   577  00018E  0EC6               	movlw	198
   578  000190                     i2u14_47:
   579  000190  2EE8               	decfsz	wreg,f,c
   580  000192  D7FE               	bra	i2u14_47
   581  000194  2E03               	decfsz	??i2_delay& (0+255),f,c
   582  000196  D7FC               	bra	i2u14_47
   583  000198  D000               	nop2	
   584  00019A  0601               	decf	i2delay@x,f,c
   585  00019C  A0D8               	btfss	status,0,c
   586  00019E  0602               	decf	i2delay@x+1,f,c
   587  0001A0  D7F0               	goto	i2_delay
   588  0001A2                     __end_ofi2_delay:
   589                           	opt stack 0
   590  0000                     pclatu	equ	0xFFB
   591                           pclath	equ	0xFFA
   592                           tblptru	equ	0xFF8
   593                           tblptrh	equ	0xFF7
   594                           tblptrl	equ	0xFF6
   595                           tablat	equ	0xFF5
   596                           prodh	equ	0xFF4
   597                           prodl	equ	0xFF3
   598                           intcon	equ	0xFF2
   599                           intcon2	equ	0xFF1
   600                           fsr0h	equ	0xFEA
   601                           fsr0l	equ	0xFE9
   602                           wreg	equ	0xFE8
   603                           fsr1h	equ	0xFE2
   604                           fsr1l	equ	0xFE1
   605                           fsr2h	equ	0xFDA
   606                           fsr2l	equ	0xFD9
   607                           status	equ	0xFD8
   608                           pclatu	equ	0xFFB
   609                           pclath	equ	0xFFA
   610                           tblptru	equ	0xFF8
   611                           tblptrh	equ	0xFF7
   612                           tblptrl	equ	0xFF6
   613                           tablat	equ	0xFF5
   614                           prodh	equ	0xFF4
   615                           prodl	equ	0xFF3
   616                           intcon	equ	0xFF2
   617                           intcon2	equ	0xFF1
   618                           fsr0h	equ	0xFEA
   619                           fsr0l	equ	0xFE9
   620                           wreg	equ	0xFE8
   621                           fsr1h	equ	0xFE2
   622                           fsr1l	equ	0xFE1
   623                           fsr2h	equ	0xFDA
   624                           fsr2l	equ	0xFD9
   625                           status	equ	0xFD8
   626                           
   627                           	psect	rparam
   628  0000                     pclatu	equ	0xFFB
   629                           pclath	equ	0xFFA
   630                           tblptru	equ	0xFF8
   631                           tblptrh	equ	0xFF7
   632                           tblptrl	equ	0xFF6
   633                           tablat	equ	0xFF5
   634                           prodh	equ	0xFF4
   635                           prodl	equ	0xFF3
   636                           intcon	equ	0xFF2
   637                           intcon2	equ	0xFF1
   638                           fsr0h	equ	0xFEA
   639                           fsr0l	equ	0xFE9
   640                           wreg	equ	0xFE8
   641                           fsr1h	equ	0xFE2
   642                           fsr1l	equ	0xFE1
   643                           fsr2h	equ	0xFDA
   644                           fsr2l	equ	0xFD9
   645                           status	equ	0xFD8
   646                           
   647                           	psect	temp
   648  00001B                     btemp:
   649                           	opt stack 0
   650  00001B                     	ds	1
   651  0000                     int$flags	set	btemp
   652  0000                     wtemp6	set	btemp+1
   653                           pclatu	equ	0xFFB
   654                           pclath	equ	0xFFA
   655                           tblptru	equ	0xFF8
   656                           tblptrh	equ	0xFF7
   657                           tblptrl	equ	0xFF6
   658                           tablat	equ	0xFF5
   659                           prodh	equ	0xFF4
   660                           prodl	equ	0xFF3
   661                           intcon	equ	0xFF2
   662                           intcon2	equ	0xFF1
   663                           fsr0h	equ	0xFEA
   664                           fsr0l	equ	0xFE9
   665                           wreg	equ	0xFE8
   666                           fsr1h	equ	0xFE2
   667                           fsr1l	equ	0xFE1
   668                           fsr2h	equ	0xFDA
   669                           fsr2l	equ	0xFD9
   670                           status	equ	0xFD8


Data Sizes:
    Strings     0
    Constant    0
    Data        0
    BSS         0
    Persistent  0
    Stack       0

Auto Spaces:
    Space          Size  Autos    Used
    COMRAM           94     26      26
    BANK0           160      0       0
    BANK1           256      0       0
    BANK2           256      0       0
    BANK3           256      0       0
    BANK4           256      0       0
    BANK5           256      0       0

Pointer List with Targets:

    None.

Critical Paths under _main in COMRAM

    _main->_delay

Critical Paths under _ISR in COMRAM

    _ISR->i2_delay

Critical Paths under _main in BANK0

    None.

Critical Paths under _ISR in BANK0

    None.

Critical Paths under _main in BANK1

    None.

Critical Paths under _ISR in BANK1

    None.

Critical Paths under _main in BANK2

    None.

Critical Paths under _ISR in BANK2

    None.

Critical Paths under _main in BANK3

    None.

Critical Paths under _ISR in BANK3

    None.

Critical Paths under _main in BANK4

    None.

Critical Paths under _ISR in BANK4

    None.

Critical Paths under _main in BANK5

    None.

Critical Paths under _ISR in BANK5

    None.

Call Graph Tables:

 ---------------------------------------------------------------------------------
 (Depth) Function   	        Calls       Base Space   Used Autos Params    Refs
 ---------------------------------------------------------------------------------
 (0) _main                                                 2     2      0     390
                                             24 COMRAM     2     2      0
                              _delay
                              _setup
 ---------------------------------------------------------------------------------
 (1) _setup                                                0     0      0       0
 ---------------------------------------------------------------------------------
 (1) _delay                                                3     1      2     321
                                             21 COMRAM     3     1      2
 ---------------------------------------------------------------------------------
 Estimated maximum stack depth 1
 ---------------------------------------------------------------------------------
 (Depth) Function   	        Calls       Base Space   Used Autos Params    Refs
 ---------------------------------------------------------------------------------
 (2) _ISR                                                 18    18      0     149
                                              3 COMRAM    18    18      0
                            i2_delay
 ---------------------------------------------------------------------------------
 (3) i2_delay                                              3     1      2     149
                                              0 COMRAM     3     1      2
 ---------------------------------------------------------------------------------
 Estimated maximum stack depth 3
 ---------------------------------------------------------------------------------

 Call Graph Graphs:

 _main (ROOT)
   _delay
   _setup

 _ISR (ROOT)
   i2_delay

 Address spaces:
Name               Size   Autos  Total    Cost      Usage
BITCOMRAM           5E      0       0       0        0.0%
EEDATA             100      0       0       0        0.0%
NULL                 0      0       0       0        0.0%
CODE                 0      0       0       0        0.0%
COMRAM              5E     1A      1A       1       27.7%
STACK                0      0       0       2        0.0%
BITBANK0            A0      0       0       3        0.0%
BANK0               A0      0       0       4        0.0%
BITBANK1           100      0       0       5        0.0%
BANK1              100      0       0       6        0.0%
BITBANK2           100      0       0       7        0.0%
BANK2              100      0       0       8        0.0%
ABS                  0      0       0       9        0.0%
BITBANK3           100      0       0      10        0.0%
BANK3              100      0       0      11        0.0%
BITBANK4           100      0       0      12        0.0%
BANK4              100      0       0      13        0.0%
BITBANK5           100      0       0      14        0.0%
BANK5              100      0       0      15        0.0%
BIGRAM             5FF      0       0      16        0.0%
DATA                 0      0       0      17        0.0%
BITSFR_1             0      0       0     200        0.0%
SFR_1                0      0       0     200        0.0%
BITSFR               0      0       0     200        0.0%
SFR                  0      0       0     200        0.0%


Microchip Technology PIC18 Macro Assembler V1.45 build -152302408 
Symbol Table                                                                                   Sat Oct 10 15:08:48 2020

                     l45 00FE                       l46 0118                      u137 0170  
                    _ISR 0008                      wreg 000FE8                     ?_ISR 0001  
                   _LATA 000F89                     _LATB 000F8A                     _LATC 000F8B  
                   _LATD 000F8C                     _LATE 000F8D                     i2l60 0092  
                   _main 00E4                     fsr0h 000FEA                     fsr1h 000FE2  
                   fsr2h 000FDA                     fsr0l 000FE9                     fsr1l 000FE1  
                   fsr2l 000FD9                     btemp 001B                     prodh 000FF4  
                   prodl 000FF3          __end_ofi2_delay 01A2                     start 00E0  
           ___param_bank 000000                    ??_ISR 0004                    ?_main 0001  
                  _TRISC 000F94                    _delay 0162                    _setup 012A  
                  main@x 0019                    pclath 000FFA                    tablat 000FF5  
                  status 000FD8                    wtemp6 001C          __initialization 01A2  
           __end_of_main 012A                   ??_main 0019            __activetblptr 000000  
                 ?_delay 0016                   _ADCON1 000FC1                   _ADCON2 000FC0  
                 ?_setup 0001                   _ANSELA 000F38                   _ANSELB 000F39  
                 _ANSELC 000F3A                   _ANSELD 000F3B                   _ANSELE 000F3C  
              ??i2_delay 0003                   delay@x 0016                   tblptrh 000FF7  
                 tblptrl 000FF6                   tblptru 000FF8               __accesstop 0060  
__end_of__initialization 01A2            ___rparam_used 000001           __pcstackCOMRAM 0001  
          __end_of_delay 0182            __end_of_setup 0162                  ??_delay 0018  
                ??_setup 0016                  i2u14_47 0190                  i2_delay 0182  
                __Hparam 0000                  __Lparam 0000                  __pcinit 01A2  
                __ramtop 0600                  __ptext0 00E4                  __ptext1 012A  
                __ptext2 0162                  __ptext4 0182             __size_of_ISR 00D8  
   end_of_initialization 01A2                _TRISBbits 000F93      start_initialization 01A2  
            __end_of_ISR 00E0                 ?i2_delay 0001                __pintcode 0008  
         __size_of_delay 0020           __size_of_setup 0038                 _VREFCON0 000F42  
               i2delay@x 0001              _INTCON2bits 000FF1         __size_ofi2_delay 0020  
               __Hrparam 0000                 __Lrparam 0000            __size_of_main 0046  
               int$flags 001B               _INTCONbits 000FF2                 intlevel2 0000  
